

================================================================
== Vitis HLS Report for 'brainwave_recognizer'
================================================================
* Date:           Sat Jun 13 22:41:24 2026

* Version:        2024.1.2 (Build 5096458 on Sep  5 2024)
* Project:        brain_wave_detector
* Solution:       solution1 (Vivado IP Flow Target)
* Product family: artix7
* Target device:  xc7a100t-csg324-1


================================================================
== Performance Estimates
================================================================
+ Timing: 
    * Summary: 
    +--------+----------+----------+------------+
    |  Clock |  Target  | Estimated| Uncertainty|
    +--------+----------+----------+------------+
    |ap_clk  |  10.00 ns|  6.940 ns|     2.70 ns|
    +--------+----------+----------+------------+

+ Latency: 
    * Summary: 
    +---------+---------+-----------+-----------+-----+-----+---------+
    |  Latency (cycles) |   Latency (absolute)  |  Interval | Pipeline|
    |   min   |   max   |    min    |    max    | min | max |   Type  |
    +---------+---------+-----------+-----------+-----+-----+---------+
    |        8|        8|  80.000 ns|  80.000 ns|    1|    1|      yes|
    +---------+---------+-----------+-----------+-----+-----+---------+

    + Detail: 
        * Instance: 
        N/A

        * Loop: 
        N/A



================================================================
== Utilization Estimates
================================================================
* Summary: 
+-----------------+---------+-----+--------+-------+-----+
|       Name      | BRAM_18K| DSP |   FF   |  LUT  | URAM|
+-----------------+---------+-----+--------+-------+-----+
|DSP              |        -|   16|       -|      -|    -|
|Expression       |        -|    -|       0|    673|    -|
|FIFO             |        -|    -|       -|      -|    -|
|Instance         |        -|   16|       0|    105|    -|
|Memory           |        0|    -|     350|     38|    -|
|Multiplexer      |        -|    -|       0|     30|    -|
|Register         |        -|    -|    1897|     32|    -|
+-----------------+---------+-----+--------+-------+-----+
|Total            |        0|   32|    2247|    878|    0|
+-----------------+---------+-----+--------+-------+-----+
|Available        |      270|  240|  126800|  63400|    0|
+-----------------+---------+-----+--------+-------+-----+
|Utilization (%)  |        0|   13|       1|      1|    0|
+-----------------+---------+-----+--------+-------+-----+

+ Detail: 
    * Instance: 
    +--------------------------+----------------------+---------+----+---+----+-----+
    |         Instance         |        Module        | BRAM_18K| DSP| FF| LUT| URAM|
    +--------------------------+----------------------+---------+----+---+----+-----+
    |mul_16s_10s_25_1_1_U2     |mul_16s_10s_25_1_1    |        0|   1|  0|   6|    0|
    |mul_16s_10s_26_1_1_U14    |mul_16s_10s_26_1_1    |        0|   1|  0|   6|    0|
    |mul_16s_11s_27_1_1_U3     |mul_16s_11s_27_1_1    |        0|   1|  0|   6|    0|
    |mul_16s_11s_27_1_1_U4     |mul_16s_11s_27_1_1    |        0|   1|  0|   6|    0|
    |mul_16s_11s_27_1_1_U12    |mul_16s_11s_27_1_1    |        0|   1|  0|   6|    0|
    |mul_16s_11s_27_1_1_U13    |mul_16s_11s_27_1_1    |        0|   1|  0|   6|    0|
    |mul_16s_12ns_28_1_1_U8    |mul_16s_12ns_28_1_1   |        0|   1|  0|   6|    0|
    |mul_16s_12s_28_1_1_U5     |mul_16s_12s_28_1_1    |        0|   1|  0|   6|    0|
    |mul_16s_12s_28_1_1_U10    |mul_16s_12s_28_1_1    |        0|   1|  0|   6|    0|
    |mul_16s_12s_28_1_1_U11    |mul_16s_12s_28_1_1    |        0|   1|  0|   6|    0|
    |mul_16s_13s_28_1_1_U6     |mul_16s_13s_28_1_1    |        0|   1|  0|   6|    0|
    |mul_16s_14s_30_1_1_U7     |mul_16s_14s_30_1_1    |        0|   1|  0|   6|    0|
    |mul_16s_14s_30_1_1_U9     |mul_16s_14s_30_1_1    |        0|   1|  0|   6|    0|
    |mul_16s_8s_23_1_1_U16     |mul_16s_8s_23_1_1     |        0|   1|  0|   6|    0|
    |mul_16s_9s_24_1_1_U1      |mul_16s_9s_24_1_1     |        0|   1|  0|   6|    0|
    |mul_16s_9s_25_1_1_U15     |mul_16s_9s_25_1_1     |        0|   1|  0|   6|    0|
    |sparsemux_7_2_13_1_1_U17  |sparsemux_7_2_13_1_1  |        0|   0|  0|   9|    0|
    +--------------------------+----------------------+---------+----+---+----+-----+
    |Total                     |                      |        0|  16|  0| 105|    0|
    +--------------------------+----------------------+---------+----+---+----+-----+

    * DSP: 
    +------------------------------------+--------------------------------+--------------+
    |              Instance              |             Module             |  Expression  |
    +------------------------------------+--------------------------------+--------------+
    |mac_muladd_16s_10s_25s_25_4_1_U21   |mac_muladd_16s_10s_25s_25_4_1   |  i0 + i1 * i2|
    |mac_muladd_16s_10s_26s_26_4_1_U33   |mac_muladd_16s_10s_26s_26_4_1   |  i0 + i1 * i2|
    |mac_muladd_16s_11s_27s_27_4_1_U22   |mac_muladd_16s_11s_27s_27_4_1   |  i0 + i1 * i2|
    |mac_muladd_16s_11s_27s_27_4_1_U23   |mac_muladd_16s_11s_27s_27_4_1   |  i0 + i1 * i2|
    |mac_muladd_16s_11s_27s_27_4_1_U31   |mac_muladd_16s_11s_27s_27_4_1   |  i0 + i1 * i2|
    |mac_muladd_16s_11s_27s_27_4_1_U32   |mac_muladd_16s_11s_27s_27_4_1   |  i0 + i1 * i2|
    |mac_muladd_16s_12ns_28s_29_4_1_U27  |mac_muladd_16s_12ns_28s_29_4_1  |  i0 + i1 * i2|
    |mac_muladd_16s_12s_28s_28_4_1_U24   |mac_muladd_16s_12s_28s_28_4_1   |  i0 + i1 * i2|
    |mac_muladd_16s_12s_28s_28_4_1_U25   |mac_muladd_16s_12s_28s_28_4_1   |  i0 + i1 * i2|
    |mac_muladd_16s_12s_28s_28_4_1_U30   |mac_muladd_16s_12s_28s_28_4_1   |  i0 + i1 * i2|
    |mac_muladd_16s_13s_28s_28_4_1_U29   |mac_muladd_16s_13s_28s_28_4_1   |  i0 + i1 * i2|
    |mac_muladd_16s_13s_30s_30_4_1_U26   |mac_muladd_16s_13s_30s_30_4_1   |  i0 + i1 * i2|
    |mac_muladd_16s_13s_30s_30_4_1_U28   |mac_muladd_16s_13s_30s_30_4_1   |  i0 * i1 + i2|
    |mac_muladd_16s_6s_23s_23_4_1_U18    |mac_muladd_16s_6s_23s_23_4_1    |  i0 * i1 + i2|
    |mac_muladd_16s_6s_25s_25_4_1_U19    |mac_muladd_16s_6s_25s_25_4_1    |  i0 + i1 * i2|
    |mac_muladd_16s_8s_24s_24_4_1_U20    |mac_muladd_16s_8s_24s_24_4_1    |  i0 + i1 * i2|
    +------------------------------------+--------------------------------+--------------+

    * Memory: 
    +-------------------+-----------------------------+---------+----+----+-----+------+-----+------+-------------+
    |       Memory      |            Module           | BRAM_18K| FF | LUT| URAM| Words| Bits| Banks| W*Bits*Banks|
    +-------------------+-----------------------------+---------+----+----+-----+------+-----+------+-------------+
    |p_ZL7filters_0_U   |p_ZL7filters_0_ROM_AUTO_1R   |        0|   6|   1|    0|     5|    6|     1|           30|
    |p_ZL7filters_31_U  |p_ZL7filters_0_ROM_AUTO_1R   |        0|   6|   1|    0|     5|    6|     1|           30|
    |p_ZL7filters_10_U  |p_ZL7filters_10_ROM_AUTO_1R  |        0|  12|   1|    0|     5|   12|     1|           60|
    |p_ZL7filters_21_U  |p_ZL7filters_10_ROM_AUTO_1R  |        0|  12|   1|    0|     5|   12|     1|           60|
    |p_ZL7filters_11_U  |p_ZL7filters_11_ROM_AUTO_1R  |        0|  12|   1|    0|     5|   12|     1|           60|
    |p_ZL7filters_20_U  |p_ZL7filters_11_ROM_AUTO_1R  |        0|  12|   1|    0|     5|   12|     1|           60|
    |p_ZL7filters_12_U  |p_ZL7filters_12_ROM_AUTO_1R  |        0|  13|   2|    0|     5|   13|     1|           65|
    |p_ZL7filters_19_U  |p_ZL7filters_12_ROM_AUTO_1R  |        0|  13|   2|    0|     5|   13|     1|           65|
    |p_ZL7filters_13_U  |p_ZL7filters_13_ROM_AUTO_1R  |        0|  13|   2|    0|     5|   13|     1|           65|
    |p_ZL7filters_18_U  |p_ZL7filters_13_ROM_AUTO_1R  |        0|  13|   2|    0|     5|   13|     1|           65|
    |p_ZL7filters_14_U  |p_ZL7filters_14_ROM_AUTO_1R  |        0|  14|   2|    0|     5|   14|     1|           70|
    |p_ZL7filters_17_U  |p_ZL7filters_14_ROM_AUTO_1R  |        0|  14|   2|    0|     5|   14|     1|           70|
    |p_ZL7filters_15_U  |p_ZL7filters_15_ROM_AUTO_1R  |        0|  12|   1|    0|     5|   12|     1|           60|
    |p_ZL7filters_16_U  |p_ZL7filters_15_ROM_AUTO_1R  |        0|  12|   1|    0|     5|   12|     1|           60|
    |p_ZL7filters_1_U   |p_ZL7filters_1_ROM_AUTO_1R   |        0|   8|   1|    0|     5|    8|     1|           40|
    |p_ZL7filters_30_U  |p_ZL7filters_1_ROM_AUTO_1R   |        0|   8|   1|    0|     5|    8|     1|           40|
    |p_ZL7filters_2_U   |p_ZL7filters_2_ROM_AUTO_1R   |        0|   9|   1|    0|     5|    9|     1|           45|
    |p_ZL7filters_29_U  |p_ZL7filters_2_ROM_AUTO_1R   |        0|   9|   1|    0|     5|    9|     1|           45|
    |p_ZL7filters_3_U   |p_ZL7filters_3_ROM_AUTO_1R   |        0|  10|   1|    0|     5|   10|     1|           50|
    |p_ZL7filters_28_U  |p_ZL7filters_3_ROM_AUTO_1R   |        0|  10|   1|    0|     5|   10|     1|           50|
    |p_ZL7filters_4_U   |p_ZL7filters_4_ROM_AUTO_1R   |        0|  10|   1|    0|     5|   10|     1|           50|
    |p_ZL7filters_27_U  |p_ZL7filters_4_ROM_AUTO_1R   |        0|  10|   1|    0|     5|   10|     1|           50|
    |p_ZL7filters_5_U   |p_ZL7filters_5_ROM_AUTO_1R   |        0|  11|   1|    0|     5|   11|     1|           55|
    |p_ZL7filters_26_U  |p_ZL7filters_5_ROM_AUTO_1R   |        0|  11|   1|    0|     5|   11|     1|           55|
    |p_ZL7filters_6_U   |p_ZL7filters_6_ROM_AUTO_1R   |        0|  11|   1|    0|     5|   11|     1|           55|
    |p_ZL7filters_25_U  |p_ZL7filters_6_ROM_AUTO_1R   |        0|  11|   1|    0|     5|   11|     1|           55|
    |p_ZL7filters_7_U   |p_ZL7filters_7_ROM_AUTO_1R   |        0|  11|   1|    0|     5|   11|     1|           55|
    |p_ZL7filters_24_U  |p_ZL7filters_7_ROM_AUTO_1R   |        0|  11|   1|    0|     5|   11|     1|           55|
    |p_ZL7filters_8_U   |p_ZL7filters_8_ROM_AUTO_1R   |        0|  11|   1|    0|     5|   11|     1|           55|
    |p_ZL7filters_23_U  |p_ZL7filters_8_ROM_AUTO_1R   |        0|  11|   1|    0|     5|   11|     1|           55|
    |p_ZL7filters_9_U   |p_ZL7filters_9_ROM_AUTO_1R   |        0|  12|   1|    0|     5|   12|     1|           60|
    |p_ZL7filters_22_U  |p_ZL7filters_9_ROM_AUTO_1R   |        0|  12|   1|    0|     5|   12|     1|           60|
    +-------------------+-----------------------------+---------+----+----+-----+------+-----+------+-------------+
    |Total              |                             |        0| 350|  38|    0|   160|  350|    32|         1750|
    +-------------------+-----------------------------+---------+----+----+-----+------+-----+------+-------------+

    * FIFO: 
    N/A

    * Expression: 
    +------------------------+----------+----+---+----+------------+------------+
    |      Variable Name     | Operation| DSP| FF| LUT| Bitwidth P0| Bitwidth P1|
    +------------------------+----------+----+---+----+------------+------------+
    |acc_1_fu_1489_p2        |         +|   0|  0|  30|          30|          30|
    |add_ln116_fu_1551_p2    |         +|   0|  0|  18|          18|          18|
    |add_ln129_fu_1628_p2    |         +|   0|  0|  15|           8|           1|
    |add_ln134_fu_1609_p2    |         +|   0|  0|  15|           8|           2|
    |add_ln85_12_fu_1364_p2  |         +|   0|  0|  37|          30|          30|
    |add_ln85_13_fu_1442_p2  |         +|   0|  0|  30|          30|          30|
    |add_ln85_14_fu_1484_p2  |         +|   0|  0|  30|          30|          30|
    |add_ln85_17_fu_1375_p2  |         +|   0|  0|  36|          29|          29|
    |add_ln85_20_fu_1387_p2  |         +|   0|  0|  35|          28|          28|
    |add_ln85_21_fu_1453_p2  |         +|   0|  0|  30|          30|          30|
    |add_ln85_24_fu_1396_p2  |         +|   0|  0|  32|          25|          25|
    |add_ln85_27_fu_1407_p2  |         +|   0|  0|  33|          26|          26|
    |add_ln85_28_fu_1465_p2  |         +|   0|  0|  34|          27|          27|
    |add_ln85_29_fu_1475_p2  |         +|   0|  0|  30|          30|          30|
    |add_ln85_2_fu_1356_p2   |         +|   0|  0|  34|          27|          27|
    |add_ln85_5_fu_1422_p2   |         +|   0|  0|  29|          29|          29|
    |add_ln85_6_fu_1428_p2   |         +|   0|  0|  29|          29|          29|
    |add_ln85_9_fu_1437_p2   |         +|   0|  0|  30|          30|          30|
    |mag_fu_1512_p2          |         -|   0|  0|  23|           1|          16|
    |sub_ln116_fu_1536_p2    |         -|   0|  0|  18|          18|          18|
    |flag_out                |      icmp|   0|  0|  15|           8|           6|
    |icmp_ln128_fu_1594_p2   |      icmp|   0|  0|  25|          18|          18|
    |icmp_ln129_fu_1622_p2   |      icmp|   0|  0|  15|           8|           2|
    |icmp_ln133_fu_1603_p2   |      icmp|   0|  0|  15|           8|           1|
    |icmp_ln81_fu_672_p2     |      icmp|   0|  0|  13|           3|           4|
    |mag_2_fu_1542_p3        |    select|   0|  0|  16|           1|          16|
    |safe_band_fu_678_p3     |    select|   0|  0|   4|           1|           4|
    |ap_enable_pp0           |       xor|   0|  0|   2|           1|           2|
    +------------------------+----------+----+---+----+------------+------------+
    |Total                   |          |   0|  0| 673|         531|         538|
    +------------------------+----------+----+---+----+------------+------------+

    * Multiplexer: 
    +--------------------------------+----+-----------+-----+-----------+
    |              Name              | LUT| Input Size| Bits| Total Bits|
    +--------------------------------+----+-----------+-----+-----------+
    |ap_phi_mux_empty_phi_fu_660_p8  |  21|          5|    8|         40|
    |counter                         |   9|          2|    8|         16|
    +--------------------------------+----+-----------+-----+-----------+
    |Total                           |  30|          7|   16|         56|
    +--------------------------------+----+-----------+-----+-----------+

    * Register: 
    +-------------------------------------------------------------------------------------------+----+----+-----+-----------+
    |                                            Name                                           | FF | LUT| Bits| Const Bits|
    +-------------------------------------------------------------------------------------------+----+----+-----+-----------+
    |add_ln116_reg_2429                                                                         |  18|   0|   18|          0|
    |add_ln85_12_reg_2374                                                                       |  30|   0|   30|          0|
    |add_ln85_13_reg_2404                                                                       |  30|   0|   30|          0|
    |add_ln85_17_reg_2379                                                                       |  29|   0|   29|          0|
    |add_ln85_20_reg_2384                                                                       |  28|   0|   28|          0|
    |add_ln85_24_reg_2389                                                                       |  25|   0|   25|          0|
    |add_ln85_27_reg_2394                                                                       |  26|   0|   26|          0|
    |add_ln85_29_reg_2409                                                                       |  30|   0|   30|          0|
    |add_ln85_2_reg_2349                                                                        |  27|   0|   27|          0|
    |add_ln85_3_reg_2354                                                                        |  27|   0|   27|          0|
    |add_ln85_4_reg_2359                                                                        |  28|   0|   28|          0|
    |add_ln85_6_reg_2399                                                                        |  29|   0|   29|          0|
    |add_ln85_7_reg_2364                                                                        |  28|   0|   28|          0|
    |add_ln85_8_reg_2369                                                                        |  30|   0|   30|          0|
    |ap_CS_fsm                                                                                  |   1|   0|    1|          0|
    |ap_enable_reg_pp0_iter1                                                                    |   1|   0|    1|          0|
    |ap_enable_reg_pp0_iter2                                                                    |   1|   0|    1|          0|
    |ap_enable_reg_pp0_iter3                                                                    |   1|   0|    1|          0|
    |ap_enable_reg_pp0_iter4                                                                    |   1|   0|    1|          0|
    |ap_enable_reg_pp0_iter5                                                                    |   1|   0|    1|          0|
    |ap_enable_reg_pp0_iter6                                                                    |   1|   0|    1|          0|
    |ap_enable_reg_pp0_iter7                                                                    |   1|   0|    1|          0|
    |ap_enable_reg_pp0_iter8                                                                    |   1|   0|    1|          0|
    |brainwave_recognizer_ap_int_16_ap_uint_3_ap_uint_2_bool_x_reg                              |  16|   0|   16|          0|
    |brainwave_recognizer_ap_int_16_ap_uint_3_ap_uint_2_bool_x_reg_1                            |  16|   0|   16|          0|
    |brainwave_recognizer_ap_int_16_ap_uint_3_ap_uint_2_bool_x_reg_10_reg_2134                  |  16|   0|   16|          0|
    |brainwave_recognizer_ap_int_16_ap_uint_3_ap_uint_2_bool_x_reg_12_reg_2139                  |  16|   0|   16|          0|
    |brainwave_recognizer_ap_int_16_ap_uint_3_ap_uint_2_bool_x_reg_13_reg_2154                  |  16|   0|   16|          0|
    |brainwave_recognizer_ap_int_16_ap_uint_3_ap_uint_2_bool_x_reg_15_reg_2159                  |  16|   0|   16|          0|
    |brainwave_recognizer_ap_int_16_ap_uint_3_ap_uint_2_bool_x_reg_17_reg_2164                  |  16|   0|   16|          0|
    |brainwave_recognizer_ap_int_16_ap_uint_3_ap_uint_2_bool_x_reg_1_load_reg_2189              |  16|   0|   16|          0|
    |brainwave_recognizer_ap_int_16_ap_uint_3_ap_uint_2_bool_x_reg_2                            |  16|   0|   16|          0|
    |brainwave_recognizer_ap_int_16_ap_uint_3_ap_uint_2_bool_x_reg_3                            |  16|   0|   16|          0|
    |brainwave_recognizer_ap_int_16_ap_uint_3_ap_uint_2_bool_x_reg_3_load_reg_2184              |  16|   0|   16|          0|
    |brainwave_recognizer_ap_int_16_ap_uint_3_ap_uint_2_bool_x_reg_4                            |  16|   0|   16|          0|
    |brainwave_recognizer_ap_int_16_ap_uint_3_ap_uint_2_bool_x_reg_5                            |  16|   0|   16|          0|
    |brainwave_recognizer_ap_int_16_ap_uint_3_ap_uint_2_bool_x_reg_5_load_reg_2179              |  16|   0|   16|          0|
    |brainwave_recognizer_ap_int_16_ap_uint_3_ap_uint_2_bool_x_reg_6                            |  16|   0|   16|          0|
    |brainwave_recognizer_ap_int_16_ap_uint_3_ap_uint_2_bool_x_reg_7                            |  16|   0|   16|          0|
    |brainwave_recognizer_ap_int_16_ap_uint_3_ap_uint_2_bool_x_reg_7_load_reg_2174              |  16|   0|   16|          0|
    |brainwave_recognizer_ap_int_16_ap_uint_3_ap_uint_2_bool_x_reg_8                            |  16|   0|   16|          0|
    |brainwave_recognizer_ap_int_16_ap_uint_3_ap_uint_2_bool_x_reg_9                            |  16|   0|   16|          0|
    |brainwave_recognizer_ap_int_16_ap_uint_3_ap_uint_2_bool_x_reg_9_load_reg_2169              |  16|   0|   16|          0|
    |brainwave_recognizer_ap_int_16_ap_uint_3_ap_uint_2_bool_x_reg_reg_2129                     |  16|   0|   16|          0|
    |counter                                                                                    |   8|   0|    8|          0|
    |env                                                                                        |  18|   0|   18|          0|
    |mag_reg_2424                                                                               |  16|   0|   16|          0|
    |mul_ln85_11_reg_2284                                                                       |  28|   0|   28|          0|
    |mul_ln85_13_reg_2289                                                                       |  28|   0|   28|          0|
    |mul_ln85_15_reg_2294                                                                       |  30|   0|   30|          0|
    |mul_ln85_17_reg_2299                                                                       |  28|   0|   28|          0|
    |mul_ln85_18_reg_2304                                                                       |  30|   0|   30|          0|
    |mul_ln85_21_reg_2309                                                                       |  28|   0|   28|          0|
    |mul_ln85_23_reg_2314                                                                       |  28|   0|   28|          0|
    |mul_ln85_25_reg_2319                                                                       |  27|   0|   27|          0|
    |mul_ln85_27_reg_2324                                                                       |  27|   0|   27|          0|
    |mul_ln85_29_reg_2329                                                                       |  26|   0|   26|          0|
    |mul_ln85_30_reg_2334                                                                       |  25|   0|   25|          0|
    |mul_ln85_31_reg_2339                                                                       |  23|   0|   23|          0|
    |mul_ln85_3_reg_2264                                                                        |  24|   0|   24|          0|
    |mul_ln85_5_reg_2269                                                                        |  25|   0|   25|          0|
    |mul_ln85_7_reg_2274                                                                        |  27|   0|   27|          0|
    |mul_ln85_9_reg_2279                                                                        |  27|   0|   27|          0|
    |p_ZL7filters_10_load_reg_2004                                                              |  12|   0|   12|          0|
    |p_ZL7filters_12_load_reg_2014                                                              |  13|   0|   13|          0|
    |p_ZL7filters_14_load_reg_2024                                                              |  14|   0|   14|          0|
    |p_ZL7filters_16_load_reg_2034                                                              |  12|   0|   12|          0|
    |p_ZL7filters_17_load_reg_2039                                                              |  14|   0|   14|          0|
    |p_ZL7filters_20_load_reg_2054                                                              |  12|   0|   12|          0|
    |p_ZL7filters_22_load_reg_2064                                                              |  12|   0|   12|          0|
    |p_ZL7filters_24_load_reg_2074                                                              |  11|   0|   11|          0|
    |p_ZL7filters_26_load_reg_2084                                                              |  11|   0|   11|          0|
    |p_ZL7filters_28_load_reg_2094                                                              |  10|   0|   10|          0|
    |p_ZL7filters_29_load_reg_2099                                                              |   9|   0|    9|          0|
    |p_ZL7filters_2_load_reg_1964                                                               |   9|   0|    9|          0|
    |p_ZL7filters_30_load_reg_2104                                                              |   8|   0|    8|          0|
    |p_ZL7filters_4_load_reg_1974                                                               |  10|   0|   10|          0|
    |p_ZL7filters_6_load_reg_1984                                                               |  11|   0|   11|          0|
    |p_ZL7filters_8_load_reg_1994                                                               |  11|   0|   11|          0|
    |p_ZZ20brainwave_recognizer6ap_intILi16EE7ap_uintILi3EES1_ILi2EERbE5x_reg_10                |  16|   0|   16|          0|
    |p_ZZ20brainwave_recognizer6ap_intILi16EE7ap_uintILi3EES1_ILi2EERbE5x_reg_11                |  16|   0|   16|          0|
    |p_ZZ20brainwave_recognizer6ap_intILi16EE7ap_uintILi3EES1_ILi2EERbE5x_reg_12                |  16|   0|   16|          0|
    |p_ZZ20brainwave_recognizer6ap_intILi16EE7ap_uintILi3EES1_ILi2EERbE5x_reg_13                |  16|   0|   16|          0|
    |p_ZZ20brainwave_recognizer6ap_intILi16EE7ap_uintILi3EES1_ILi2EERbE5x_reg_14                |  16|   0|   16|          0|
    |p_ZZ20brainwave_recognizer6ap_intILi16EE7ap_uintILi3EES1_ILi2EERbE5x_reg_15                |  16|   0|   16|          0|
    |p_ZZ20brainwave_recognizer6ap_intILi16EE7ap_uintILi3EES1_ILi2EERbE5x_reg_16                |  16|   0|   16|          0|
    |p_ZZ20brainwave_recognizer6ap_intILi16EE7ap_uintILi3EES1_ILi2EERbE5x_reg_16_load_reg_2149  |  16|   0|   16|          0|
    |p_ZZ20brainwave_recognizer6ap_intILi16EE7ap_uintILi3EES1_ILi2EERbE5x_reg_17                |  16|   0|   16|          0|
    |p_ZZ20brainwave_recognizer6ap_intILi16EE7ap_uintILi3EES1_ILi2EERbE5x_reg_18                |  16|   0|   16|          0|
    |p_ZZ20brainwave_recognizer6ap_intILi16EE7ap_uintILi3EES1_ILi2EERbE5x_reg_19                |  16|   0|   16|          0|
    |p_ZZ20brainwave_recognizer6ap_intILi16EE7ap_uintILi3EES1_ILi2EERbE5x_reg_19_load_reg_2144  |  16|   0|   16|          0|
    |p_ZZ20brainwave_recognizer6ap_intILi16EE7ap_uintILi3EES1_ILi2EERbE5x_reg_20                |  16|   0|   16|          0|
    |p_ZZ20brainwave_recognizer6ap_intILi16EE7ap_uintILi3EES1_ILi2EERbE5x_reg_21                |  16|   0|   16|          0|
    |p_ZZ20brainwave_recognizer6ap_intILi16EE7ap_uintILi3EES1_ILi2EERbE5x_reg_22                |  16|   0|   16|          0|
    |p_ZZ20brainwave_recognizer6ap_intILi16EE7ap_uintILi3EES1_ILi2EERbE5x_reg_23                |  16|   0|   16|          0|
    |p_ZZ20brainwave_recognizer6ap_intILi16EE7ap_uintILi3EES1_ILi2EERbE5x_reg_24                |  16|   0|   16|          0|
    |p_ZZ20brainwave_recognizer6ap_intILi16EE7ap_uintILi3EES1_ILi2EERbE5x_reg_25                |  16|   0|   16|          0|
    |p_ZZ20brainwave_recognizer6ap_intILi16EE7ap_uintILi3EES1_ILi2EERbE5x_reg_26                |  16|   0|   16|          0|
    |p_ZZ20brainwave_recognizer6ap_intILi16EE7ap_uintILi3EES1_ILi2EERbE5x_reg_27                |  16|   0|   16|          0|
    |p_ZZ20brainwave_recognizer6ap_intILi16EE7ap_uintILi3EES1_ILi2EERbE5x_reg_27_load_reg_2124  |  16|   0|   16|          0|
    |p_ZZ20brainwave_recognizer6ap_intILi16EE7ap_uintILi3EES1_ILi2EERbE5x_reg_28                |  16|   0|   16|          0|
    |p_ZZ20brainwave_recognizer6ap_intILi16EE7ap_uintILi3EES1_ILi2EERbE5x_reg_28_load_reg_2119  |  16|   0|   16|          0|
    |p_ZZ20brainwave_recognizer6ap_intILi16EE7ap_uintILi3EES1_ILi2EERbE5x_reg_29                |  16|   0|   16|          0|
    |p_ZZ20brainwave_recognizer6ap_intILi16EE7ap_uintILi3EES1_ILi2EERbE5x_reg_29_load_reg_2114  |  16|   0|   16|          0|
    |p_ZZ20brainwave_recognizer6ap_intILi16EE7ap_uintILi3EES1_ILi2EERbE5x_reg_30                |  16|   0|   16|          0|
    |sample_read_reg_1778                                                                       |  16|   0|   16|          0|
    |sens_sel_read_reg_1773                                                                     |   2|   0|    2|          0|
    |tmp_reg_2419                                                                               |   1|   0|    1|          0|
    |trunc_reg_2414                                                                             |  16|   0|   16|          0|
    |sens_sel_read_reg_1773                                                                     |  64|  32|    2|          0|
    +-------------------------------------------------------------------------------------------+----+----+-----+-----------+
    |Total                                                                                      |1897|  32| 1835|          0|
    +-------------------------------------------------------------------------------------------+----+----+-----+-----------+



================================================================
== Interface
================================================================
* Summary: 
+----------+-----+-----+--------------+----------------------+--------------+
| RTL Ports| Dir | Bits|   Protocol   |     Source Object    |    C Type    |
+----------+-----+-----+--------------+----------------------+--------------+
|ap_clk    |   in|    1|  ap_ctrl_none|  brainwave_recognizer|  return value|
|ap_rst    |   in|    1|  ap_ctrl_none|  brainwave_recognizer|  return value|
|sample    |   in|   16|       ap_none|                sample|        scalar|
|band_sel  |   in|    3|       ap_none|              band_sel|        scalar|
|sens_sel  |   in|    2|       ap_none|              sens_sel|        scalar|
|flag_out  |  out|    1|       ap_none|              flag_out|       pointer|
+----------+-----+-----+--------------+----------------------+--------------+

